This is pdfTeX, Version 3.1415926-2.5-1.40.14 (MiKTeX 2.9) (preloaded format=pdflatex 2014.1.27)  7 MAR 2014 00:27
entering extended mode
**diagram.tex
(C:\Users\Harshit\Documents\Tooli-Assignments\CloneClonable\diagram.tex
LaTeX2e <2011/06/27>
Babel <v3.8m> and hyphenation patterns for english, afrikaans, ancientgreek, ar
abic, armenian, assamese, basque, bengali, bokmal, bulgarian, catalan, coptic, 
croatian, czech, danish, dutch, esperanto, estonian, farsi, finnish, french, ga
lician, german, german-x-2013-05-26, greek, gujarati, hindi, hungarian, iceland
ic, indonesian, interlingua, irish, italian, kannada, kurmanji, latin, latvian,
 lithuanian, malayalam, marathi, mongolian, mongolianlmc, monogreek, ngerman, n
german-x-2013-05-26, nynorsk, oriya, panjabi, pinyin, polish, portuguese, roman
ian, russian, sanskrit, serbian, slovak, slovenian, spanish, swedish, swissgerm
an, tamil, telugu, turkish, turkmen, ukenglish, ukrainian, uppersorbian, usengl
ishmax, welsh, loaded.
("C:\Program Files (x86)\MiKTeX 2.9\tex\latex\base\article.cls"
Document Class: article 2007/10/19 v1.4h Standard LaTeX document class
("C:\Program Files (x86)\MiKTeX 2.9\tex\latex\base\size10.clo"
File: size10.clo 2007/10/19 v1.4h Standard LaTeX file (size option)
)
\c@part=\count79
\c@section=\count80
\c@subsection=\count81
\c@subsubsection=\count82
\c@paragraph=\count83
\c@subparagraph=\count84
\c@figure=\count85
\c@table=\count86
\abovecaptionskip=\skip41
\belowcaptionskip=\skip42
\bibindent=\dimen102
)
("C:\Program Files (x86)\MiKTeX 2.9\tex\latex\preprint\fullpage.sty"
Package: fullpage 1999/02/23 1.1 (PWD)
\FP@margin=\skip43
)
("C:\Program Files (x86)\MiKTeX 2.9\tex\latex\diagmac\diagmac.sty"
\texpr=\dimen103
\bexpr=\dimen104
\lexpr=\dimen105
\rexpr=\dimen106
\xcenter=\dimen107
\ycenter=\dimen108
\xslope=\count87
\yslope=\count88
\xstart=\dimen109
\ystart=\dimen110
\xend=\dimen111
\yend=\dimen112
\dcircle=\dimen113
\xcircle=\dimen114
\ycircle=\dimen115
\zzisedge=\count89
\zziscircle=\count90
\zzdiagbox=\box26
\zztotlwidth=\dimen116
\zztotrwidth=\dimen117
\zztotheight=\dimen118
\zztotdepth=\dimen119
\zzglobaltotlwidth=\dimen120
\zzglobaltotrwidth=\dimen121
\zzglobaltotheight=\dimen122
\zzglobaltotdepth=\dimen123
\zzglobalxcenter=\dimen124
\zzglobalycenter=\dimen125
\zzglobalcnA=\count91
\zzdmA=\dimen126
\zzdmB=\dimen127
\zzdmC=\dimen128
\zzdmD=\dimen129
\zzdmE=\dimen130
\zzdmF=\dimen131
\zzdmG=\dimen132
\zzdmH=\dimen133
\zzdmI=\dimen134
\zzcnA=\count92
\zzcnB=\count93
\zzcnC=\count94
\zzcnD=\count95
\zzcnE=\count96
\zzcnF=\count97
\zzcnG=\count98
\zzcnH=\count99
\zzcnI=\count100
\zzdmX=\dimen135
\zzdmY=\dimen136
)
(C:\Users\Harshit\Documents\Tooli-Assignments\CloneClonable\diagram.aux)
LaTeX Font Info:    Checking defaults for OML/cmm/m/it on input line 22.
LaTeX Font Info:    ... okay on input line 22.
LaTeX Font Info:    Checking defaults for T1/cmr/m/n on input line 22.
LaTeX Font Info:    ... okay on input line 22.
LaTeX Font Info:    Checking defaults for OT1/cmr/m/n on input line 22.
LaTeX Font Info:    ... okay on input line 22.
LaTeX Font Info:    Checking defaults for OMS/cmsy/m/n on input line 22.
LaTeX Font Info:    ... okay on input line 22.
LaTeX Font Info:    Checking defaults for OMX/cmex/m/n on input line 22.
LaTeX Font Info:    ... okay on input line 22.
LaTeX Font Info:    Checking defaults for U/cmr/m/n on input line 22.
LaTeX Font Info:    ... okay on input line 22.
LaTeX Font Info:    External font `cmex10' loaded for size
(Font)              <7> on input line 140.
LaTeX Font Info:    External font `cmex10' loaded for size
(Font)              <5> on input line 140.
LaTeX Font Info:    External font `cmex10' loaded for size
(Font)              <9> on input line 140.
LaTeX Font Info:    External font `cmex10' loaded for size
(Font)              <6> on input line 140.

[1

{C:/ProgramData/MiKTeX/2.9/pdftex/config/pdftex.map}]
(C:\Users\Harshit\Documents\Tooli-Assignments\CloneClonable\diagram.aux) ) 
Here is how much of TeX's memory you used:
 473 strings out of 493921
 5549 string characters out of 3144870
 103328 words of memory out of 3000000
 3835 multiletter control sequences out of 15000+200000
 6074 words of font info for 22 fonts, out of 3000000 for 9000
 841 hyphenation exceptions out of 8191
 25i,15n,25p,206b,299s stack positions out of 5000i,500n,10000p,200000b,50000s
<C:/P
rogram Files (x86)/MiKTeX 2.9/fonts/type1/public/amsfonts/cm/cmss10.pfb><C:/Pro
gram Files (x86)/MiKTeX 2.9/fonts/type1/public/amsfonts/cm/cmss9.pfb><C:/Progra
m Files (x86)/MiKTeX 2.9/fonts/type1/public/amsfonts/cm/cmsy6.pfb><C:/Program F
iles (x86)/MiKTeX 2.9/fonts/type1/public/amsfonts/latxfont/lcirclew.pfb><C:/Pro
gram Files (x86)/MiKTeX 2.9/fonts/type1/public/amsfonts/latxfont/linew10.pfb>
Output written on diagram.pdf (1 page, 43576 bytes).
PDF statistics:
 26 PDF objects out of 1000 (max. 8388607)
 0 named destinations out of 1000 (max. 500000)
 1 words of extra memory for PDF output out of 10000 (max. 10000000)

